<?xml version="1.0" encoding="UTF-8"?>
<testng-results skipped="0" failed="0" total="8" passed="8">
  <reporter-output>
  </reporter-output>
  <suite name="Default suite" duration-ms="315267" started-at="2018-09-11T10:23:25Z" finished-at="2018-09-11T10:28:40Z">
    <groups>
    </groups>
    <test name="Default test" duration-ms="315267" started-at="2018-09-11T10:23:25Z" finished-at="2018-09-11T10:28:40Z">
      <class name="Test_Zoom2u.Registration_test">
        <test-method status="PASS" signature="beforeTest()[pri:0, instance:Test_Zoom2u.Registration_test@1832929]" name="beforeTest" is-config="true" duration-ms="23430" started-at="2018-09-11T15:53:25Z" finished-at="2018-09-11T15:53:48Z">
          <reporter-output>
          </reporter-output>
        </test-method> <!-- beforeTest -->
        <test-method status="PASS" signature="R1()[pri:0, instance:Test_Zoom2u.Registration_test@1832929]" name="R1" duration-ms="10205" started-at="2018-09-11T15:53:48Z" finished-at="2018-09-11T15:53:59Z">
          <reporter-output>
          </reporter-output>
        </test-method> <!-- R1 -->
        <test-method status="PASS" signature="R2()[pri:0, instance:Test_Zoom2u.Registration_test@1832929]" name="R2" duration-ms="66653" started-at="2018-09-11T15:53:59Z" finished-at="2018-09-11T15:55:05Z">
          <reporter-output>
          </reporter-output>
        </test-method> <!-- R2 -->
        <test-method status="PASS" signature="R3()[pri:0, instance:Test_Zoom2u.Registration_test@1832929]" name="R3" duration-ms="644" started-at="2018-09-11T15:55:05Z" finished-at="2018-09-11T15:55:06Z">
          <reporter-output>
          </reporter-output>
        </test-method> <!-- R3 -->
        <test-method status="PASS" signature="R4()[pri:0, instance:Test_Zoom2u.Registration_test@1832929]" name="R4" duration-ms="103528" started-at="2018-09-11T15:55:06Z" finished-at="2018-09-11T15:56:49Z">
          <reporter-output>
          </reporter-output>
        </test-method> <!-- R4 -->
        <test-method status="PASS" signature="R5()[pri:0, instance:Test_Zoom2u.Registration_test@1832929]" name="R5" duration-ms="30970" started-at="2018-09-11T15:56:49Z" finished-at="2018-09-11T15:57:20Z">
          <reporter-output>
          </reporter-output>
        </test-method> <!-- R5 -->
        <test-method status="PASS" signature="R7()[pri:0, instance:Test_Zoom2u.Registration_test@1832929]" name="R7" duration-ms="5744" started-at="2018-09-11T15:57:20Z" finished-at="2018-09-11T15:57:26Z">
          <reporter-output>
          </reporter-output>
        </test-method> <!-- R7 -->
        <test-method status="PASS" signature="R8()[pri:0, instance:Test_Zoom2u.Registration_test@1832929]" name="R8" duration-ms="13183" started-at="2018-09-11T15:57:26Z" finished-at="2018-09-11T15:57:39Z">
          <reporter-output>
          </reporter-output>
        </test-method> <!-- R8 -->
        <test-method status="PASS" signature="R9()[pri:0, instance:Test_Zoom2u.Registration_test@1832929]" name="R9" duration-ms="57578" started-at="2018-09-11T15:57:39Z" finished-at="2018-09-11T15:58:37Z">
          <reporter-output>
          </reporter-output>
        </test-method> <!-- R9 -->
        <test-method status="PASS" signature="afterTest()[pri:0, instance:Test_Zoom2u.Registration_test@1832929]" name="afterTest" is-config="true" duration-ms="3299" started-at="2018-09-11T15:58:37Z" finished-at="2018-09-11T15:58:40Z">
          <reporter-output>
          </reporter-output>
        </test-method> <!-- afterTest -->
      </class> <!-- Test_Zoom2u.Registration_test -->
    </test> <!-- Default test -->
  </suite> <!-- Default suite -->
</testng-results>
